\BOOKMARK [0][-]{chapter.1}{Pr\351sentation du projet}{}% 1
\BOOKMARK [0][-]{chapter.2}{Le paradoxe de la sph\350re de Hausdorff}{}% 2
\BOOKMARK [1][-]{section.2.1}{Introduction.}{chapter.2}% 3
\BOOKMARK [1][-]{section.2.2}{Notations.}{chapter.2}% 4
\BOOKMARK [1][-]{section.2.3}{Pr\351liminaires.}{chapter.2}% 5
\BOOKMARK [1][-]{section.2.4}{Sch\351ma de la d\351monstration du paradoxe de Hausdorff.}{chapter.2}% 6
\BOOKMARK [2][-]{subsection.2.4.1}{Premi\350re \351tape de la d\351monstration .}{section.2.4}% 7
\BOOKMARK [2][-]{subsection.2.4.2}{Deuxi\350me \351tape de la d\351monstration .}{section.2.4}% 8
\BOOKMARK [2][-]{subsection.2.4.3}{Troisi\350me \351tape de la d\351monstration .}{section.2.4}% 9
\BOOKMARK [1][-]{section.2.5}{Rotations d'un espace vectoriel euclidien orient\351 de dimention 3 .}{chapter.2}% 10
\BOOKMARK [1][-]{section.2.6}{Construction d'un sous-groupe libre de rang 2 de SO\(3\) :}{chapter.2}% 11
\BOOKMARK [1][-]{section.2.7}{\311tude d'un sous ensemble X de S2 sans points fixe de G.}{chapter.2}% 12
\BOOKMARK [1][-]{section.2.8}{\311quid\351composabilit\351.}{chapter.2}% 13
\BOOKMARK [1][-]{section.2.9}{Ensembles Paradoxaux.}{chapter.2}% 14
\BOOKMARK [0][-]{chapter.3}{D\351composition d'ensembles de points en parties respectivement congruentes.}{}% 15
\BOOKMARK [1][-]{section.3.1}{Propri\351t\351s g\351n\351rales de l'\351quivalence par d\351composition finie.}{chapter.3}% 16
\BOOKMARK [1][-]{section.3.2}{Retour \340 l'espace euclidien \340 3 dimensions.}{chapter.3}% 17
\BOOKMARK [1][-]{section.3.3}{L'espace euclidien \340 1 ou 2 dimensions .}{chapter.3}% 18
\BOOKMARK [-1][-]{part*.3}{Annexes}{}% 19
\BOOKMARK [0][-]{chapter*.4}{Annexe 1}{part*.3}% 20
