This is pdfTeX, Version 3.14159265-2.6-1.40.20 (TeX Live 2019/Debian) (preloaded format=pdflatex 2021.7.23)  15 APR 2022 10:17
entering extended mode
 restricted \write18 enabled.
 file:line:error style messages enabled.
 %&-line parsing enabled.
**espace3dim.tex
(./espace3dim.tex
LaTeX2e <2020-02-02> patch level 2
L3 programming layer <2020-02-14>
\c@TT=\count167
\c@PP=\count168

./espace3dim.tex:4: Undefined control sequence.
l.4 \section
            {Retour à l'espace euclidien à 3 dimensions.}
The control sequence at the end of the top line
of your error message was never \def'ed. If you have
misspelled it (e.g., `\hobx'), type `I' and the correct
spelling (e.g., `I\hbox'). Otherwise just continue,
and I'll forget about whatever was undefined.


./espace3dim.tex:4: LaTeX Error: Missing \begin{document}.

See the LaTeX manual or LaTeX Companion for explanation.
Type  H <return>  for immediate help.
 ...                                              
                                                  
l.4 \section{R
              etour à l'espace euclidien à 3 dimensions.}
You're in trouble here.  Try typing  <return>  to proceed.
If that doesn't work, type  X <return>  to quit.

Missing character: There is no R in font nullfont!
Missing character: There is no e in font nullfont!
Missing character: There is no t in font nullfont!
Missing character: There is no o in font nullfont!
Missing character: There is no u in font nullfont!
Missing character: There is no r in font nullfont!
LaTeX Font Info:    Trying to load font information for +cmr on input line 4.
LaTeX Font Info:    No file cmr.fd. on input line 4.

LaTeX Font Warning: Font shape `/cmr/m/n' undefined
(Font)              using `/cmr/m/n' instead on input line 4.

./espace3dim.tex:4: Corrupted NFSS tables.
wrong@fontshape ...message {Corrupted NFSS tables}
                                                  error@fontshape else let f...
l.4 \section{Retour à
                       l'espace euclidien à 3 dimensions.}
This error message was generated by an \errmessage
command, so I can't give any explicit help.
Pretend that you're Hercule Poirot: Examine all clues,
and deduce the truth by order and method.


LaTeX Font Warning: Font shape `/cmr/m/n' undefined
(Font)              using `OT1/cmr/m/n' instead on input line 4.

Missing character: There is no l in font nullfont!
Missing character: There is no ' in font nullfont!
Missing character: There is no e in font nullfont!
Missing character: There is no s in font nullfont!
Missing character: There is no p in font nullfont!
Missing character: There is no a in font nullfont!
Missing character: There is no c in font nullfont!
Missing character: There is no e in font nullfont!
Missing character: There is no e in font nullfont!
Missing character: There is no u in font nullfont!
Missing character: There is no c in font nullfont!
Missing character: There is no l in font nullfont!
Missing character: There is no i in font nullfont!
Missing character: There is no d in font nullfont!
Missing character: There is no i in font nullfont!
Missing character: There is no e in font nullfont!
Missing character: There is no n in font nullfont!
Missing character: There is no 3 in font nullfont!
Missing character: There is no d in font nullfont!
Missing character: There is no i in font nullfont!
Missing character: There is no m in font nullfont!
Missing character: There is no e in font nullfont!
Missing character: There is no n in font nullfont!
Missing character: There is no s in font nullfont!
Missing character: There is no i in font nullfont!
Missing character: There is no o in font nullfont!
Missing character: There is no n in font nullfont!
Missing character: There is no s in font nullfont!
Missing character: There is no . in font nullfont!
Missing character: There is no L in font nullfont!
Missing character: There is no e in font nullfont!
Missing character: There is no s in font nullfont!
Missing character: There is no r in font nullfont!
Missing character: There is no a in font nullfont!
Missing character: There is no i in font nullfont!
Missing character: There is no s in font nullfont!
Missing character: There is no o in font nullfont!
Missing character: There is no n in font nullfont!
Missing character: There is no n in font nullfont!
Missing character: There is no e in font nullfont!
Missing character: There is no m in font nullfont!
Missing character: There is no e in font nullfont!
Missing character: There is no n in font nullfont!
Missing character: There is no t in font nullfont!
Missing character: There is no s in font nullfont!
Missing character: There is no d in font nullfont!
Missing character: There is no e in font nullfont!
Missing character: There is no c in font nullfont!
Missing character: There is no e in font nullfont!
Missing character: There is no t in font nullfont!
Missing character: There is no t in font nullfont!
Missing character: There is no e in font nullfont!
Missing character: There is no p in font nullfont!
Missing character: There is no a in font nullfont!
Missing character: There is no r in font nullfont!
Missing character: There is no t in font nullfont!
Missing character: There is no i in font nullfont!
Missing character: There is no e in font nullfont!
Missing character: There is no c in font nullfont!
Missing character: There is no o in font nullfont!
Missing character: There is no n in font nullfont!
Missing character: There is no c in font nullfont!
Missing character: There is no e in font nullfont!
Missing character: There is no r in font nullfont!
Missing character: There is no n in font nullfont!
Missing character: There is no e in font nullfont!
Missing character: There is no n in font nullfont!
Missing character: There is no t in font nullfont!
Missing character: There is no l in font nullfont!
Missing character: There is no ' in font nullfont!
Missing character: There is no e in font nullfont!
Missing character: There is no s in font nullfont!
Missing character: There is no p in font nullfont!
Missing character: There is no a in font nullfont!
Missing character: There is no c in font nullfont!
Missing character: There is no e in font nullfont!
Missing character: There is no e in font nullfont!
Missing character: There is no u in font nullfont!
Missing character: There is no c in font nullfont!
Missing character: There is no l in font nullfont!
Missing character: There is no i in font nullfont!
Missing character: There is no d in font nullfont!
Missing character: There is no i in font nullfont!
Missing character: There is no e in font nullfont!
Missing character: There is no n in font nullfont!
LaTeX Font Info:    External font `cmex10' loaded for size
(Font)              <7> on input line 6.
LaTeX Font Info:    External font `cmex10' loaded for size
(Font)              <5> on input line 6.
Missing character: There is no d in font nullfont!
Missing character: There is no i in font nullfont!
Missing character: There is no m in font nullfont!
Missing character: There is no e in font nullfont!
Missing character: There is no n in font nullfont!
Missing character: There is no s in font nullfont!
Missing character: There is no i in font nullfont!
Missing character: There is no o in font nullfont!
Missing character: There is no n in font nullfont!
Missing character: There is no s in font nullfont!
Missing character: There is no . in font nullfont!
Missing character: There is no O in font nullfont!
Missing character: There is no n in font nullfont!
Missing character: There is no r in font nullfont!
Missing character: There is no a in font nullfont!
Missing character: There is no p in font nullfont!
Missing character: There is no p in font nullfont!
Missing character: There is no e in font nullfont!
Missing character: There is no l in font nullfont!
Missing character: There is no e in font nullfont!
Missing character: There is no l in font nullfont!
Missing character: There is no e in font nullfont!
Missing character: There is no t in font nullfont!
Missing character: There is no h in font nullfont!
Missing character: There is no o in font nullfont!
Missing character: There is no r in font nullfont!
Missing character: There is no m in font nullfont!
Missing character: There is no e in font nullfont!
Missing character: There is no d in font nullfont!
Missing character: There is no e in font nullfont!
Missing character: There is no H in font nullfont!
Missing character: There is no a in font nullfont!
Missing character: There is no u in font nullfont!
Missing character: There is no s in font nullfont!
Missing character: There is no d in font nullfont!
Missing character: There is no o in font nullfont!
Missing character: There is no r in font nullfont!
Missing character: There is no f in font nullfont!
Missing character: There is no f in font nullfont!
Missing character: There is no : in font nullfont!

Overfull \hbox (20.0pt too wide) in paragraph at lines 4--10
[]
 []


Overfull \hbox (10.00003pt too wide) in paragraph at lines 4--10
\/cmr/m/n/10 ^^Ra
 []


Overfull \hbox (5.00002pt too wide) in paragraph at lines 4--10
\/cmr/m/n/10 ^^Ra
 []


Overfull \hbox (5.00002pt too wide) in paragraph at lines 4--10
\/cmr/m/n/10 ^^Ra
 []


Overfull \hbox (5.00002pt too wide) in paragraph at lines 4--10
\/cmr/m/n/10 3$
 []


Overfull \hbox (8.88889pt too wide) in paragraph at lines 4--10
\/cmr/m/n/10 ^^Se^^Re
 []


Overfull \hbox (59.85388pt too wide) in paragraph at lines 10--11
[]
 []


Overfull \hbox (44.78871pt too wide) in paragraph at lines 12--13
[]\OT1/cmr/m/it/10 Toute
 []


Overfull \hbox (27.21646pt too wide) in paragraph at lines 12--13
\OT1/cmr/m/it/10 sph^^Rere
 []


Overfull \hbox (5.55557pt too wide) in paragraph at lines 12--13
\/cmr/m/n/10 S$
 []


Overfull \hbox (12.01102pt too wide) in paragraph at lines 12--13
\OT1/cmr/m/it/10 est
 []


Overfull \hbox (75.38837pt too wide) in paragraph at lines 12--13
\OT1/cmr/m/it/10 ^^Sequid^^Secomposable
 []


Overfull \hbox (5.11108pt too wide) in paragraph at lines 12--13
\OT1/cmr/m/it/10 ^^Ra
 []


Overfull \hbox (19.71655pt too wide) in paragraph at lines 12--13
\OT1/cmr/m/it/10 deux
 []


Overfull \hbox (26.06648pt too wide) in paragraph at lines 12--13
\OT1/cmr/m/it/10 copies
 []


Overfull \hbox (22.99985pt too wide) in paragraph at lines 12--13
\OT1/cmr/m/it/10 d'elle
 []


Overfull \hbox (28.62204pt too wide) in paragraph at lines 12--13
\OT1/cmr/m/it/10 m^eme.
 []


Overfull \hbox (12.40549pt too wide) in paragraph at lines 12--13
\OT1/cmr/m/it/10 En
 []


Overfull \hbox (34.37198pt too wide) in paragraph at lines 12--13
\OT1/cmr/m/it/10 d'autres
 []


Overfull \hbox (15.71652pt too wide) in paragraph at lines 12--13
\OT1/cmr/m/it/10 ter-
 []


Overfull \hbox (19.93321pt too wide) in paragraph at lines 12--13
\OT1/cmr/m/it/10 mes,
 []


Overfull \hbox (7.15552pt too wide) in paragraph at lines 12--13
\OT1/cmr/m/it/10 si
 []


Overfull \hbox (11.70836pt too wide) in paragraph at lines 12--13
\/cmr/m/n/10 ^^F[]$
 []


Overfull \hbox (7.92215pt too wide) in paragraph at lines 12--13
\OT1/cmr/m/it/10 et
 []


Overfull \hbox (5.55557pt too wide) in paragraph at lines 12--13
\/cmr/m/n/10 S$
 []


Overfull \hbox (18.14433pt too wide) in paragraph at lines 12--13
\OT1/cmr/m/it/10 sont
 []


Overfull \hbox (19.71655pt too wide) in paragraph at lines 12--13
\OT1/cmr/m/it/10 deux
 []


Overfull \hbox (31.30533pt too wide) in paragraph at lines 12--13
\OT1/cmr/m/it/10 sph^^Reres
 []


Overfull \hbox (18.39986pt too wide) in paragraph at lines 12--13
\OT1/cmr/m/it/10 con-
 []


Overfull \hbox (17.76097pt too wide) in paragraph at lines 12--13
\OT1/cmr/m/it/10 gru-
 []


Overfull \hbox (25.29982pt too wide) in paragraph at lines 12--13
\OT1/cmr/m/it/10 entes,
 []


Overfull \hbox (21.0832pt too wide) in paragraph at lines 12--13
\OT1/cmr/m/it/10 alors
 []


Overfull \hbox (3.06665pt too wide) in paragraph at lines 12--13
\OT1/cmr/m/it/10 :
 []


Overfull \hbox (16.11108pt too wide) in paragraph at lines 12--13
\/cmr/m/n/10 S \OMS/cmsy/m/n/10 ^^X
 []


Overfull \hbox (12.22226pt too wide) in paragraph at lines 12--13
\/cmr/m/n/10 S \OMS/cmsy/m/n/10 [
 []


Overfull \hbox (14.77501pt too wide) in paragraph at lines 12--13
\/cmr/m/n/10 ^^F[]$\OT1/cmr/m/it/10 . 
 []


Overfull \hbox (20.0pt too wide) in paragraph at lines 15--15
[] 
 []


Overfull \hbox (67.92464pt too wide) in paragraph at lines 16--18
[]
 []


Overfull \hbox (17.12212pt too wide) in paragraph at lines 16--18
\OT1/cmr/m/it/10 Soit
 []


Overfull \hbox (7.50002pt too wide) in paragraph at lines 16--18
\OML/cmm/m/it/10 A$
 []


Overfull \hbox (10.98883pt too wide) in paragraph at lines 16--18
\OT1/cmr/m/it/10 un
 []


Overfull \hbox (13.7999pt too wide) in paragraph at lines 16--18
\OT1/cmr/m/it/10 en-
 []


Overfull \hbox (20.4443pt too wide) in paragraph at lines 16--18
\OT1/cmr/m/it/10 sem-
 []


Overfull \hbox (11.75546pt too wide) in paragraph at lines 16--18
\OT1/cmr/m/it/10 ble
 []


Overfull \hbox (23.6387pt too wide) in paragraph at lines 16--18
\OT1/cmr/m/it/10 born^^Se
 []


Overfull \hbox (19.16656pt too wide) in paragraph at lines 16--18
\OT1/cmr/m/it/10 d'un
 []


Overfull \hbox (12.26657pt too wide) in paragraph at lines 16--18
\OT1/cmr/m/it/10 es-
 []


Overfull \hbox (18.39984pt too wide) in paragraph at lines 16--18
\OT1/cmr/m/it/10 pace
 []


Overfull \hbox (13.54434pt too wide) in paragraph at lines 16--18
\OT1/cmr/m/it/10 eu-
 []


Overfull \hbox (13.7999pt too wide) in paragraph at lines 16--18
\OT1/cmr/m/it/10 cli-
 []


Overfull \hbox (21.46654pt too wide) in paragraph at lines 16--18
\OT1/cmr/m/it/10 dien.
 []


Overfull \hbox (8.68884pt too wide) in paragraph at lines 16--18
\OT1/cmr/m/it/10 Si
 []


Overfull \hbox (7.50002pt too wide) in paragraph at lines 16--18
\OML/cmm/m/it/10 A$
 []


Overfull \hbox (18.39986pt too wide) in paragraph at lines 16--18
\OT1/cmr/m/it/10 con-
 []


Overfull \hbox (19.93318pt too wide) in paragraph at lines 16--18
\OT1/cmr/m/it/10 tient
 []


Overfull \hbox (15.58879pt too wide) in paragraph at lines 16--18
\OT1/cmr/m/it/10 une
 []


Overfull \hbox (27.21646pt too wide) in paragraph at lines 16--18
\OT1/cmr/m/it/10 sph^^Rere
 []


Overfull \hbox (6.70831pt too wide) in paragraph at lines 16--18
\OML/cmm/m/it/10 S$
 []


Overfull \hbox (21.0832pt too wide) in paragraph at lines 16--18
\OT1/cmr/m/it/10 alors
 []


Overfull \hbox (18.05553pt too wide) in paragraph at lines 16--18
\OML/cmm/m/it/10 A \OMS/cmsy/m/n/10 ^^X
 []


Overfull \hbox (9.77496pt too wide) in paragraph at lines 16--18
\OML/cmm/m/it/10 S$\OT1/cmr/m/it/10 . 
 []


./espace3dim.tex:19: LaTeX Error: Environment proof undefined.

See the LaTeX manual or LaTeX Companion for explanation.
Type  H <return>  for immediate help.
 ...                                              
                                                  
l.19 \begin{proof}
                  
Your command was ignored.
Type  I <command> <return>  to replace it with another command,
or  <return>  to continue without it.

Missing character: There is no P in font nullfont!
Missing character: There is no u in font nullfont!
Missing character: There is no i in font nullfont!
Missing character: There is no s in font nullfont!
Missing character: There is no q in font nullfont!
Missing character: There is no u in font nullfont!
Missing character: There is no e in font nullfont!
Missing character: There is no e in font nullfont!
Missing character: There is no s in font nullfont!
Missing character: There is no t in font nullfont!
Missing character: There is no b in font nullfont!
Missing character: There is no o in font nullfont!
Missing character: There is no r in font nullfont!
Missing character: There is no n in font nullfont!
Missing character: There is no a in font nullfont!
Missing character: There is no l in font nullfont!
Missing character: There is no o in font nullfont!
Missing character: There is no r in font nullfont!
Missing character: There is no s in font nullfont!
Missing character: There is no o in font nullfont!
Missing character: There is no n in font nullfont!
Missing character: There is no p in font nullfont!
Missing character: There is no e in font nullfont!
Missing character: There is no u in font nullfont!
Missing character: There is no t in font nullfont!
Missing character: There is no l in font nullfont!
Missing character: There is no e in font nullfont!
Missing character: There is no d in font nullfont!
Missing character: There is no c in font nullfont!
Missing character: There is no o in font nullfont!
Missing character: There is no m in font nullfont!
Missing character: There is no p in font nullfont!
Missing character: There is no o in font nullfont!
Missing character: There is no s in font nullfont!
Missing character: There is no e in font nullfont!
Missing character: There is no r in font nullfont!
Missing character: There is no : in font nullfont!
./espace3dim.tex:20: Undefined control sequence.
l.20 ...rs on peut le décomposer : $A = \underset
                                                  {1\le i \le n}{\bigcup}\ma...
The control sequence at the end of the top line
of your error message was never \def'ed. If you have
misspelled it (e.g., `\hobx'), type `I' and the correct
spelling (e.g., `I\hbox'). Otherwise just continue,
and I'll forget about whatever was undefined.

Missing character: There is no t in font nullfont!
Missing character: There is no e in font nullfont!
Missing character: There is no l in font nullfont!
Missing character: There is no q in font nullfont!
Missing character: There is no u in font nullfont!
Missing character: There is no e in font nullfont!
Missing character: There is no c in font nullfont!
Missing character: There is no h in font nullfont!
Missing character: There is no a in font nullfont!
Missing character: There is no q in font nullfont!
Missing character: There is no u in font nullfont!
Missing character: There is no e in font nullfont!
Missing character: There is no e in font nullfont!
Missing character: There is no s in font nullfont!
Missing character: There is no t in font nullfont!
Missing character: There is no i in font nullfont!
Missing character: There is no n in font nullfont!
Missing character: There is no c in font nullfont!
Missing character: There is no l in font nullfont!
Missing character: There is no u in font nullfont!
Missing character: There is no t in font nullfont!
Missing character: There is no d in font nullfont!
Missing character: There is no a in font nullfont!
Missing character: There is no n in font nullfont!
Missing character: There is no s in font nullfont!
Missing character: There is no u in font nullfont!
Missing character: There is no n in font nullfont!
Missing character: There is no e in font nullfont!
Missing character: There is no s in font nullfont!
Missing character: There is no p in font nullfont!
Missing character: There is no h in font nullfont!
Missing character: There is no r in font nullfont!
Missing character: There is no e in font nullfont!
Missing character: There is no c in font nullfont!
Missing character: There is no o in font nullfont!
Missing character: There is no n in font nullfont!
Missing character: There is no g in font nullfont!
Missing character: There is no r in font nullfont!
Missing character: There is no u in font nullfont!
Missing character: There is no e in font nullfont!
Missing character: There is no n in font nullfont!
Missing character: There is no t in font nullfont!
Missing character: There is no e in font nullfont!
Missing character: There is no . in font nullfont!
Missing character: There is no A in font nullfont!
Missing character: There is no l in font nullfont!
Missing character: There is no o in font nullfont!
Missing character: There is no r in font nullfont!
Missing character: There is no s in font nullfont!
Missing character: There is no o in font nullfont!
Missing character: There is no n in font nullfont!
Missing character: There is no a in font nullfont!
Missing character: There is no p in font nullfont!
Missing character: There is no o in font nullfont!
Missing character: There is no u in font nullfont!
Missing character: There is no r in font nullfont!
Missing character: There is no t in font nullfont!
Missing character: There is no o in font nullfont!
Missing character: There is no u in font nullfont!
Missing character: There is no t in font nullfont!
Missing character: There is no , in font nullfont!
Missing character: There is no e in font nullfont!
Missing character: There is no t in font nullfont!
Missing character: There is no d in font nullfont!
Missing character: There is no o in font nullfont!
Missing character: There is no n in font nullfont!
Missing character: There is no c in font nullfont!
Missing character: There is no d in font nullfont!
Missing character: There is no ' in font nullfont!
Missing character: There is no a in font nullfont!
Missing character: There is no p in font nullfont!
Missing character: There is no r in font nullfont!
Missing character: There is no s in font nullfont!
Missing character: There is no l in font nullfont!
Missing character: There is no a in font nullfont!
./espace3dim.tex:21: Undefined control sequence.
l.21 ...$i=1,...,n$, et donc d'après la \hyperref
                                                  [pr5]{proposition 5}, $\ma...
The control sequence at the end of the top line
of your error message was never \def'ed. If you have
misspelled it (e.g., `\hobx'), type `I' and the correct
spelling (e.g., `I\hbox'). Otherwise just continue,
and I'll forget about whatever was undefined.

Missing character: There is no [ in font nullfont!
Missing character: There is no p in font nullfont!
Missing character: There is no r in font nullfont!
Missing character: There is no 5 in font nullfont!
Missing character: There is no ] in font nullfont!
Missing character: There is no p in font nullfont!
Missing character: There is no r in font nullfont!
Missing character: There is no o in font nullfont!
Missing character: There is no p in font nullfont!
Missing character: There is no o in font nullfont!
Missing character: There is no s in font nullfont!
Missing character: There is no i in font nullfont!
Missing character: There is no t in font nullfont!
Missing character: There is no i in font nullfont!
Missing character: There is no o in font nullfont!
Missing character: There is no n in font nullfont!
Missing character: There is no 5 in font nullfont!
Missing character: There is no , in font nullfont!
./espace3dim.tex:21: Undefined control sequence.
l.21 ...rm{S} \sim \mathrm{S} \cup \left(\underset
                                                  {1\le i \le n}{\cup}\mathr...
The control sequence at the end of the top line
of your error message was never \def'ed. If you have
misspelled it (e.g., `\hobx'), type `I' and the correct
spelling (e.g., `I\hbox'). Otherwise just continue,
and I'll forget about whatever was undefined.

Missing character: There is no . in font nullfont!
Missing character: There is no E in font nullfont!
Missing character: There is no t in font nullfont!
Missing character: There is no p in font nullfont!
Missing character: There is no u in font nullfont!
Missing character: There is no i in font nullfont!
Missing character: There is no s in font nullfont!
Missing character: There is no q in font nullfont!
Missing character: There is no u in font nullfont!
Missing character: There is no e in font nullfont!
./espace3dim.tex:22: Undefined control sequence.
l.22 ...S \subset A \subset S \cup \left(\underset
                                                  {1\le i \le n}{\cup}\mathr...
The control sequence at the end of the top line
of your error message was never \def'ed. If you have
misspelled it (e.g., `\hobx'), type `I' and the correct
spelling (e.g., `I\hbox'). Otherwise just continue,
and I'll forget about whatever was undefined.

Missing character: There is no , in font nullfont!
Missing character: There is no a in font nullfont!
Missing character: There is no l in font nullfont!
Missing character: There is no o in font nullfont!
Missing character: There is no r in font nullfont!
Missing character: There is no s in font nullfont!
Missing character: There is no d in font nullfont!
Missing character: There is no ' in font nullfont!
Missing character: There is no a in font nullfont!
Missing character: There is no p in font nullfont!
Missing character: There is no r in font nullfont!
Missing character: There is no s in font nullfont!
Missing character: There is no l in font nullfont!
Missing character: There is no e in font nullfont!
./espace3dim.tex:22: Undefined control sequence.
l.22 ...{S}_i\right)$, alors d'après le \hyperref
                                                  [c2]{corollaire 3}, on con...
The control sequence at the end of the top line
of your error message was never \def'ed. If you have
misspelled it (e.g., `\hobx'), type `I' and the correct
spelling (e.g., `I\hbox'). Otherwise just continue,
and I'll forget about whatever was undefined.

Missing character: There is no [ in font nullfont!
Missing character: There is no c in font nullfont!
Missing character: There is no 2 in font nullfont!
Missing character: There is no ] in font nullfont!
Missing character: There is no c in font nullfont!
Missing character: There is no o in font nullfont!
Missing character: There is no r in font nullfont!
Missing character: There is no o in font nullfont!
Missing character: There is no l in font nullfont!
Missing character: There is no l in font nullfont!
Missing character: There is no a in font nullfont!
Missing character: There is no i in font nullfont!
Missing character: There is no r in font nullfont!
Missing character: There is no e in font nullfont!
Missing character: There is no 3 in font nullfont!
Missing character: There is no , in font nullfont!
Missing character: There is no o in font nullfont!
Missing character: There is no n in font nullfont!
Missing character: There is no c in font nullfont!
Missing character: There is no o in font nullfont!
Missing character: There is no n in font nullfont!
Missing character: There is no c in font nullfont!
Missing character: There is no l in font nullfont!
Missing character: There is no u in font nullfont!
Missing character: There is no t in font nullfont!
Missing character: There is no q in font nullfont!
Missing character: There is no u in font nullfont!
Missing character: There is no e in font nullfont!
Missing character: There is no . in font nullfont!

./espace3dim.tex:23: LaTeX Error: \begin{document} ended by \end{proof}.

See the LaTeX manual or LaTeX Companion for explanation.
Type  H <return>  for immediate help.
 ...                                              
                                                  
l.23 \end{proof}
                
Your command was ignored.
Type  I <command> <return>  to replace it with another command,
or  <return>  to continue without it.


Overfull \hbox (7.50002pt too wide) in paragraph at lines 20--25
 $\OML/cmm/m/it/10 A$
 []


Overfull \hbox (4.44444pt too wide) in paragraph at lines 20--25
\/cmr/m/n/10 ^^Se
 []


Overfull \hbox (4.44444pt too wide) in paragraph at lines 20--25
\/cmr/m/n/10 ^^Se
 []


Overfull \hbox (18.05553pt too wide) in paragraph at lines 20--25
\OML/cmm/m/it/10 A \/cmr/m/n/10 =
 []


Overfull \hbox (60.2766pt too wide) in paragraph at lines 20--25
[][]\/cmr/m/n/10 A[]$
 []


Overfull \hbox (10.8293pt too wide) in paragraph at lines 20--25
\OML/cmm/m/it/10 A[]$
 []


Overfull \hbox (4.44444pt too wide) in paragraph at lines 20--25
\/cmr/m/n/10 ^^Re
 []


Overfull \hbox (9.46123pt too wide) in paragraph at lines 20--25
\OML/cmm/m/it/10 S[]$
 []


Overfull \hbox (5.00002pt too wide) in paragraph at lines 20--25
\/cmr/m/n/10 ^^Ra
 []


Overfull \hbox (6.70831pt too wide) in paragraph at lines 20--25
\OML/cmm/m/it/10 S$ 
 []


Overfull \hbox (16.11108pt too wide) in paragraph at lines 20--25
\/cmr/m/n/10 S \OMS/cmsy/m/n/10 ^^X
 []


Overfull \hbox (12.22226pt too wide) in paragraph at lines 20--25
\/cmr/m/n/10 S \OMS/cmsy/m/n/10 [
 []


Overfull \hbox (8.88486pt too wide) in paragraph at lines 20--25
\/cmr/m/n/10 S[]$
 []


Overfull \hbox (14.00064pt too wide) in paragraph at lines 20--25
\OML/cmm/m/it/10 i \/cmr/m/n/10 =
 []


Overfull \hbox (28.22455pt too wide) in paragraph at lines 20--25
\/cmr/m/n/10 1\OML/cmm/m/it/10 ; :::; n$
 []


Overfull \hbox (4.44444pt too wide) in paragraph at lines 20--25
\/cmr/m/n/10 ^^Re
 []


Overfull \hbox (16.11108pt too wide) in paragraph at lines 20--25
\/cmr/m/n/10 S \OMS/cmsy/m/n/10 ^^X
 []


Overfull \hbox (12.22226pt too wide) in paragraph at lines 20--25
\/cmr/m/n/10 S \OMS/cmsy/m/n/10 [
 []


Overfull \hbox (64.44328pt too wide) in paragraph at lines 20--25
[]$ 
 []


Overfull \hbox (17.26382pt too wide) in paragraph at lines 20--25
\OML/cmm/m/it/10 S \OMS/cmsy/m/n/10 ^^Z
 []


Overfull \hbox (18.05553pt too wide) in paragraph at lines 20--25
\OML/cmm/m/it/10 A \OMS/cmsy/m/n/10 ^^Z
 []


Overfull \hbox (13.375pt too wide) in paragraph at lines 20--25
\OML/cmm/m/it/10 S \OMS/cmsy/m/n/10 [
 []


Overfull \hbox (64.44328pt too wide) in paragraph at lines 20--25
[]$
 []


Overfull \hbox (4.44444pt too wide) in paragraph at lines 20--25
\/cmr/m/n/10 ^^Re
 []


Overfull \hbox (18.05553pt too wide) in paragraph at lines 20--25
\OML/cmm/m/it/10 A \OMS/cmsy/m/n/10 ^^X
 []


Overfull \hbox (6.70831pt too wide) in paragraph at lines 20--25
\OML/cmm/m/it/10 S$ 
 []


Overfull \hbox (59.85388pt too wide) in paragraph at lines 25--26
[]
 []


Overfull \hbox (27.34427pt too wide) in paragraph at lines 25--26
\OT1/cmr/m/it/10 Soient
 []


Overfull \hbox (7.50002pt too wide) in paragraph at lines 25--26
\OML/cmm/m/it/10 A$
 []


Overfull \hbox (7.92215pt too wide) in paragraph at lines 25--26
\OT1/cmr/m/it/10 et
 []


Overfull \hbox (8.0868pt too wide) in paragraph at lines 25--26
\OML/cmm/m/it/10 B$
 []


Overfull \hbox (19.71655pt too wide) in paragraph at lines 25--26
\OT1/cmr/m/it/10 deux
 []


Overfull \hbox (13.7999pt too wide) in paragraph at lines 25--26
\OT1/cmr/m/it/10 en-
 []


Overfull \hbox (20.4443pt too wide) in paragraph at lines 25--26
\OT1/cmr/m/it/10 sem-
 []


Overfull \hbox (15.84433pt too wide) in paragraph at lines 25--26
\OT1/cmr/m/it/10 bles
 []


Overfull \hbox (27.72757pt too wide) in paragraph at lines 25--26
\OT1/cmr/m/it/10 born^^Ses
 []


Overfull \hbox (20.69984pt too wide) in paragraph at lines 25--26
\OT1/cmr/m/it/10 quel-
 []


Overfull \hbox (18.39986pt too wide) in paragraph at lines 25--26
\OT1/cmr/m/it/10 con-
 []


Overfull \hbox (18.65543pt too wide) in paragraph at lines 25--26
\OT1/cmr/m/it/10 ques
 []


Overfull \hbox (50.3441pt too wide) in paragraph at lines 25--26
\OT1/cmr/m/it/10 d'int^^Serieurs
 []


Overfull \hbox (16.35547pt too wide) in paragraph at lines 25--26
\OT1/cmr/m/it/10 non
 []


Overfull \hbox (24.53317pt too wide) in paragraph at lines 25--26
\OT1/cmr/m/it/10 vides,
 []


Overfull \hbox (24.53317pt too wide) in paragraph at lines 25--26
\OT1/cmr/m/it/10 situ^^Ses
 []


Overfull \hbox (19.93323pt too wide) in paragraph at lines 25--26
\OT1/cmr/m/it/10 dans
 []


Overfull \hbox (10.98883pt too wide) in paragraph at lines 25--26
\OT1/cmr/m/it/10 un
 []


Overfull \hbox (12.26657pt too wide) in paragraph at lines 25--26
\OT1/cmr/m/it/10 es-
 []


Overfull \hbox (18.39984pt too wide) in paragraph at lines 25--26
\OT1/cmr/m/it/10 pace
 []


Overfull \hbox (13.54434pt too wide) in paragraph at lines 25--26
\OT1/cmr/m/it/10 eu-
 []


Overfull \hbox (13.7999pt too wide) in paragraph at lines 25--26
\OT1/cmr/m/it/10 cli-
 []


Overfull \hbox (18.39989pt too wide) in paragraph at lines 25--26
\OT1/cmr/m/it/10 dien
 []


Overfull \hbox (9.71104pt too wide) in paragraph at lines 25--26
\OT1/cmr/m/it/10 de
 []


Overfull \hbox (11.75548pt too wide) in paragraph at lines 25--26
\OT1/cmr/m/it/10 di-
 []


Overfull \hbox (21.97763pt too wide) in paragraph at lines 25--26
\OT1/cmr/m/it/10 men-
 []


Overfull \hbox (17.8888pt too wide) in paragraph at lines 25--26
\OT1/cmr/m/it/10 sion
 []


Overfull \hbox (8.17773pt too wide) in paragraph at lines 25--26
\OT1/cmr/m/it/10 3,
 []


Overfull \hbox (21.0832pt too wide) in paragraph at lines 25--26
\OT1/cmr/m/it/10 alors
 []


Overfull \hbox (18.05553pt too wide) in paragraph at lines 25--26
\OML/cmm/m/it/10 A \OMS/cmsy/m/n/10 ^^X
 []


Overfull \hbox (11.15346pt too wide) in paragraph at lines 25--26
\OML/cmm/m/it/10 B$\OT1/cmr/m/it/10 . 
 []


./espace3dim.tex:26: LaTeX Error: The font size command \normalsize is not defined:
               there is probably something wrong with the class file.

See the LaTeX manual or LaTeX Companion for explanation.
Type  H <return>  for immediate help.
 ...                                              
                                                  
l.26 \end{TT}
             
Your command was ignored.
Type  I <command> <return>  to replace it with another command,
or  <return>  to continue without it.

[1{/var/lib/texmf/fonts/map/pdftex/updmap/pdftex.map}
./espace3dim.tex:26: Undefined control sequence.
<write> \newlabel{pp}{{1}{\thepage 
                                   }}
l.26 \end{TT}
             
The control sequence at the end of the top line
of your error message was never \def'ed. If you have
misspelled it (e.g., `\hobx'), type `I' and the correct
spelling (e.g., `I\hbox'). Otherwise just continue,
and I'll forget about whatever was undefined.

\newlabel{pp}{{1}{}}
]

./espace3dim.tex:27: LaTeX Error: Environment proof undefined.

See the LaTeX manual or LaTeX Companion for explanation.
Type  H <return>  for immediate help.
 ...                                              
                                                  
l.27 \begin{proof}
                  
Your command was ignored.
Type  I <command> <return>  to replace it with another command,
or  <return>  to continue without it.

Missing character: There is no S in font nullfont!
Missing character: There is no o in font nullfont!
Missing character: There is no i in font nullfont!
Missing character: There is no e in font nullfont!
Missing character: There is no n in font nullfont!
Missing character: There is no t in font nullfont!
Missing character: There is no e in font nullfont!
Missing character: There is no t in font nullfont!
Missing character: There is no , in font nullfont!
Missing character: There is no t in font nullfont!
Missing character: There is no e in font nullfont!
Missing character: There is no l in font nullfont!
Missing character: There is no s in font nullfont!
Missing character: There is no q in font nullfont!
Missing character: There is no u in font nullfont!
Missing character: There is no e in font nullfont!
Missing character: There is no , in font nullfont!
Missing character: There is no ( in font nullfont!
Missing character: There is no o in font nullfont!
Missing character: There is no n in font nullfont!
Missing character: There is no p in font nullfont!
Missing character: There is no e in font nullfont!
Missing character: There is no u in font nullfont!
Missing character: There is no t in font nullfont!
Missing character: There is no t in font nullfont!
Missing character: There is no r in font nullfont!
Missing character: There is no o in font nullfont!
Missing character: There is no u in font nullfont!
Missing character: There is no v in font nullfont!
Missing character: There is no e in font nullfont!
Missing character: There is no r in font nullfont!
Missing character: There is no d in font nullfont!
Missing character: There is no e in font nullfont!
Missing character: There is no t in font nullfont!
Missing character: There is no e in font nullfont!
Missing character: There is no l in font nullfont!
Missing character: There is no l in font nullfont!
Missing character: There is no e in font nullfont!
Missing character: There is no s in font nullfont!
Missing character: There is no s in font nullfont!
Missing character: There is no p in font nullfont!
Missing character: There is no h in font nullfont!
Missing character: There is no r in font nullfont!
Missing character: There is no e in font nullfont!
Missing character: There is no s in font nullfont!
Missing character: There is no p in font nullfont!
Missing character: There is no u in font nullfont!
Missing character: There is no i in font nullfont!
Missing character: There is no s in font nullfont!
Missing character: There is no q in font nullfont!
Missing character: There is no u in font nullfont!
Missing character: There is no e in font nullfont!
Missing character: There is no e in font nullfont!
Missing character: There is no t in font nullfont!
Missing character: There is no s in font nullfont!
Missing character: There is no o in font nullfont!
Missing character: There is no n in font nullfont!
Missing character: There is no t in font nullfont!
Missing character: There is no d in font nullfont!
Missing character: There is no ' in font nullfont!
Missing character: There is no i in font nullfont!
Missing character: There is no n in font nullfont!
Missing character: There is no t in font nullfont!
Missing character: There is no r in font nullfont!
Missing character: There is no i in font nullfont!
Missing character: There is no e in font nullfont!
Missing character: There is no u in font nullfont!
Missing character: There is no r in font nullfont!
Missing character: There is no s in font nullfont!
Missing character: There is no n in font nullfont!
Missing character: There is no o in font nullfont!
Missing character: There is no n in font nullfont!
Missing character: There is no v in font nullfont!
Missing character: There is no i in font nullfont!
Missing character: There is no d in font nullfont!
Missing character: There is no e in font nullfont!
Missing character: There is no s in font nullfont!
Missing character: There is no ) in font nullfont!
Missing character: There is no . in font nullfont!
Missing character: There is no A in font nullfont!
Missing character: There is no l in font nullfont!
Missing character: There is no o in font nullfont!
Missing character: There is no r in font nullfont!
Missing character: There is no s in font nullfont!
Missing character: There is no d in font nullfont!
Missing character: There is no ' in font nullfont!
Missing character: There is no a in font nullfont!
Missing character: There is no p in font nullfont!
Missing character: There is no r in font nullfont!
Missing character: There is no s in font nullfont!
Missing character: There is no l in font nullfont!
Missing character: There is no a in font nullfont!
./espace3dim.tex:28: Undefined control sequence.
l.28 ...rs non vides). Alors d'après la \hyperref
                                                  [pp]{proposition 1}, $S_1 ...
The control sequence at the end of the top line
of your error message was never \def'ed. If you have
misspelled it (e.g., `\hobx'), type `I' and the correct
spelling (e.g., `I\hbox'). Otherwise just continue,
and I'll forget about whatever was undefined.

Missing character: There is no [ in font nullfont!
Missing character: There is no p in font nullfont!
Missing character: There is no p in font nullfont!
Missing character: There is no ] in font nullfont!
Missing character: There is no p in font nullfont!
Missing character: There is no r in font nullfont!
Missing character: There is no o in font nullfont!
Missing character: There is no p in font nullfont!
Missing character: There is no o in font nullfont!
Missing character: There is no s in font nullfont!
Missing character: There is no i in font nullfont!
Missing character: There is no t in font nullfont!
Missing character: There is no i in font nullfont!
Missing character: There is no o in font nullfont!
Missing character: There is no n in font nullfont!
Missing character: There is no 1 in font nullfont!
Missing character: There is no , in font nullfont!
Missing character: There is no e in font nullfont!
Missing character: There is no t in font nullfont!
Missing character: There is no , in font nullfont!
Missing character: There is no e in font nullfont!
Missing character: There is no t in font nullfont!
Missing character: There is no d in font nullfont!
Missing character: There is no o in font nullfont!
Missing character: There is no n in font nullfont!
Missing character: There is no c in font nullfont!
Missing character: There is no p in font nullfont!
Missing character: There is no u in font nullfont!
Missing character: There is no i in font nullfont!
Missing character: There is no s in font nullfont!
Missing character: There is no q in font nullfont!
Missing character: There is no u in font nullfont!
Missing character: There is no e in font nullfont!
Missing character: There is no e in font nullfont!
Missing character: There is no s in font nullfont!
Missing character: There is no t in font nullfont!
Missing character: There is no u in font nullfont!
Missing character: There is no n in font nullfont!
Missing character: There is no e in font nullfont!
Missing character: There is no r in font nullfont!
Missing character: There is no e in font nullfont!
Missing character: There is no l in font nullfont!
Missing character: There is no a in font nullfont!
Missing character: There is no t in font nullfont!
Missing character: There is no i in font nullfont!
Missing character: There is no o in font nullfont!
Missing character: There is no n in font nullfont!
Missing character: There is no d in font nullfont!
Missing character: There is no ' in font nullfont!
Missing character: There is no q in font nullfont!
Missing character: There is no u in font nullfont!
Missing character: There is no i in font nullfont!
Missing character: There is no v in font nullfont!
Missing character: There is no a in font nullfont!
Missing character: There is no l in font nullfont!
Missing character: There is no e in font nullfont!
Missing character: There is no n in font nullfont!
Missing character: There is no c in font nullfont!
Missing character: There is no e in font nullfont!
Missing character: There is no o in font nullfont!
Missing character: There is no n in font nullfont!
Missing character: There is no c in font nullfont!
Missing character: There is no o in font nullfont!
Missing character: There is no n in font nullfont!
Missing character: There is no c in font nullfont!
Missing character: There is no l in font nullfont!
Missing character: There is no u in font nullfont!
Missing character: There is no t in font nullfont!
Missing character: There is no d in font nullfont!
Missing character: There is no i in font nullfont!
Missing character: There is no r in font nullfont!
Missing character: There is no e in font nullfont!
Missing character: There is no c in font nullfont!
Missing character: There is no t in font nullfont!
Missing character: There is no e in font nullfont!
Missing character: There is no m in font nullfont!
Missing character: There is no e in font nullfont!
Missing character: There is no n in font nullfont!
Missing character: There is no t in font nullfont!
Missing character: There is no q in font nullfont!
Missing character: There is no u in font nullfont!
Missing character: There is no e in font nullfont!
Missing character: There is no . in font nullfont!

./espace3dim.tex:29: LaTeX Error: \begin{document} ended by \end{proof}.

See the LaTeX manual or LaTeX Companion for explanation.
Type  H <return>  for immediate help.
 ...                                              
                                                  
l.29 \end{proof}
                
Your command was ignored.
Type  I <command> <return>  to replace it with another command,
or  <return>  to continue without it.


Overfull \hbox (21.17358pt too wide) in paragraph at lines 28--30
 $\OML/cmm/m/it/10 S[] \OMS/cmsy/m/n/10 ^^Z
 []


Overfull \hbox (7.50002pt too wide) in paragraph at lines 28--30
\OML/cmm/m/it/10 A$
 []


Overfull \hbox (21.17358pt too wide) in paragraph at lines 28--30
\OML/cmm/m/it/10 S[] \OMS/cmsy/m/n/10 ^^Z
 []


Overfull \hbox (8.0868pt too wide) in paragraph at lines 28--30
\OML/cmm/m/it/10 B$
 []


Overfull \hbox (21.17358pt too wide) in paragraph at lines 28--30
\OML/cmm/m/it/10 S[] \OMS/cmsy/m/n/10 ^^X
 []


Overfull \hbox (10.61807pt too wide) in paragraph at lines 28--30
\OML/cmm/m/it/10 S[]$
 []


Overfull \hbox (4.44444pt too wide) in paragraph at lines 28--30
\/cmr/m/n/10 ^^Re
 []


Overfull \hbox (7.50002pt too wide) in paragraph at lines 28--30
\OML/cmm/m/it/10 A$
 []


Overfull \hbox (8.0868pt too wide) in paragraph at lines 28--30
\OML/cmm/m/it/10 B$
 []


Overfull \hbox (4.44444pt too wide) in paragraph at lines 28--30
\/cmr/m/n/10 ^^Se
 []


Overfull \hbox (4.44444pt too wide) in paragraph at lines 28--30
\/cmr/m/n/10 ^^Re
 []


Overfull \hbox (21.17358pt too wide) in paragraph at lines 28--30
\OML/cmm/m/it/10 S[] \OMS/cmsy/m/n/10 ^^X
 []


Overfull \hbox (7.50002pt too wide) in paragraph at lines 28--30
\OML/cmm/m/it/10 A$
 []


Overfull \hbox (18.64232pt too wide) in paragraph at lines 28--30
\OML/cmm/m/it/10 B \OMS/cmsy/m/n/10 ^^X
 []


Overfull \hbox (10.61807pt too wide) in paragraph at lines 28--30
\OML/cmm/m/it/10 S[]$
 []


Overfull \hbox (7.7778pt too wide) in paragraph at lines 28--30
\OMS/cmsy/m/n/10 ^^X$
 []


Overfull \hbox (4.44444pt too wide) in paragraph at lines 28--30
\/cmr/m/n/10 ^^Se
 []


Overfull \hbox (18.05553pt too wide) in paragraph at lines 28--30
\/cmr/m/n/10 A \OMS/cmsy/m/n/10 ^^X
 []


Overfull \hbox (7.08336pt too wide) in paragraph at lines 28--30
\/cmr/m/n/10 B$
 []


! LaTeX Error: File `BanachTarski/espace12dim.tex' not found.

Type X to quit or <RETURN> to proceed,
or enter new name. (Default extension: tex)

Enter file name: 
./espace3dim.tex:31: Emergency stop.
<read *> 
         
l.31 \input{BanachTarski/espace12dim.tex}
                                         ^^M
*** (cannot \read from terminal in nonstop modes)

 
Here is how much of TeX's memory you used:
 57 strings out of 483154
 781 string characters out of 5965023
 235698 words of memory out of 5000000
 15175 multiletter control sequences out of 15000+600000
 532992 words of font info for 26 fonts, out of 8000000 for 9000
 14 hyphenation exceptions out of 8191
 19i,4n,17p,389b,139s stack positions out of 5000i,500n,10000p,200000b,80000s
./espace3dim.tex:31:  ==> Fatal error occurred, no output PDF file produced!
